# JRE version: OpenJDK Runtime Environment (11.0.11+9) (build 11.0.11+9-Ubuntu-0ubuntu2.18.04)
# Java VM: OpenJDK 64-Bit Server VM (11.0.11+9-Ubuntu-0ubuntu2.18.04, mixed mode, sharing, tiered, compressed oops, g1 gc, linux-amd64)
Heap:
 garbage-first heap   total 309248K, used 145557K [0x00000000a0000000, 0x0000000100000000)
  region size 1024K, 34 young (34816K), 3 survivors (3072K)
 Metaspace       used 266250K, capacity 284597K, committed 284880K, reserved 1286144K
  class space    used 38320K, capacity 47943K, committed 48000K, reserved 1048576K
GC Heap History (20 events):
Event: 1457,530 GC heap after
{Heap after GC invocations=68 (full 2):
 garbage-first heap   total 309248K, used 168796K [0x00000000a0000000, 0x0000000100000000)
  region size 1024K, 5 young (5120K), 5 survivors (5120K)
 Metaspace       used 265615K, capacity 284165K, committed 284368K, reserved 1286144K
  class space    used 38333K, capacity 47972K, committed 48000K, reserved 1048576K
}
Event: 1486,228 GC heap before
{Heap before GC invocations=68 (full 2):
 garbage-first heap   total 309248K, used 224092K [0x00000000a0000000, 0x0000000100000000)
  region size 1024K, 60 young (61440K), 5 survivors (5120K)
 Metaspace       used 265757K, capacity 284248K, committed 284624K, reserved 1286144K
  class space    used 38334K, capacity 47973K, committed 48000K, reserved 1048576K
}
Event: 1486,234 GC heap after
{Heap after GC invocations=69 (full 2):
 garbage-first heap   total 309248K, used 169567K [0x00000000a0000000, 0x0000000100000000)
  region size 1024K, 5 young (5120K), 5 survivors (5120K)
 Metaspace       used 265757K, capacity 284248K, committed 284624K, reserved 1286144K
  class space    used 38334K, capacity 47973K, committed 48000K, reserved 1048576K
}
Event: 1658,007 GC heap before
{Heap before GC invocations=69 (full 2):
 garbage-first heap   total 309248K, used 229983K [0x00000000a0000000, 0x0000000100000000)
  region size 1024K, 65 young (66560K), 5 survivors (5120K)
 Metaspace       used 265869K, capacity 284397K, committed 284624K, reserved 1286144K
  class space    used 38334K, capacity 47973K, committed 48000K, reserved 1048576K
}
Event: 1658,014 GC heap after
{Heap after GC invocations=70 (full 2):
 garbage-first heap   total 309248K, used 170175K [0x00000000a0000000, 0x0000000100000000)
  region size 1024K, 4 young (4096K), 4 survivors (4096K)
 Metaspace       used 265869K, capacity 284397K, committed 284624K, reserved 1286144K
  class space    used 38334K, capacity 47973K, committed 48000K, reserved 1048576K
}
Event: 1658,082 GC heap before
{Heap before GC invocations=70 (full 2):
 garbage-first heap   total 309248K, used 178367K [0x00000000a0000000, 0x0000000100000000)
  region size 1024K, 13 young (13312K), 4 survivors (4096K)
 Metaspace       used 265869K, capacity 284397K, committed 284624K, reserved 1286144K
  class space    used 38334K, capacity 47973K, committed 48000K, reserved 1048576K
}
Event: 1658,298 GC heap after
{Heap after GC invocations=71 (full 3):
 garbage-first heap   total 309248K, used 111036K [0x00000000a0000000, 0x0000000100000000)
  region size 1024K, 0 young (0K), 0 survivors (0K)
 Metaspace       used 265561K, capacity 284044K, committed 284624K, reserved 1286144K
  class space    used 38315K, capacity 47938K, committed 48000K, reserved 1048576K
}
Event: 1658,298 GC heap before
{Heap before GC invocations=71 (full 3):
 garbage-first heap   total 309248K, used 111036K [0x00000000a0000000, 0x0000000100000000)
  region size 1024K, 1 young (1024K), 0 survivors (0K)
 Metaspace       used 265561K, capacity 284044K, committed 284624K, reserved 1286144K
  class space    used 38315K, capacity 47938K, committed 48000K, reserved 1048576K
}
Event: 1658,490 GC heap after
{Heap after GC invocations=72 (full 4):
 garbage-first heap   total 309248K, used 110764K [0x00000000a0000000, 0x0000000100000000)
  region size 1024K, 0 young (0K), 0 survivors (0K)
 Metaspace       used 265561K, capacity 284044K, committed 284624K, reserved 1286144K
  class space    used 38315K, capacity 47938K, committed 48000K, reserved 1048576K
}
Event: 1812,842 GC heap before
{Heap before GC invocations=72 (full 4):
 garbage-first heap   total 309248K, used 209068K [0x00000000a0000000, 0x0000000100000000)
  region size 1024K, 97 young (99328K), 0 survivors (0K)
 Metaspace       used 265656K, capacity 284122K, committed 284624K, reserved 1286144K
  class space    used 38315K, capacity 47938K, committed 48000K, reserved 1048576K
}
Event: 1812,848 GC heap after
{Heap after GC invocations=73 (full 4):
 garbage-first heap   total 309248K, used 114589K [0x00000000a0000000, 0x0000000100000000)
  region size 1024K, 4 young (4096K), 4 survivors (4096K)
 Metaspace       used 265656K, capacity 284122K, committed 284624K, reserved 1286144K
  class space    used 38315K, capacity 47938K, committed 48000K, reserved 1048576K
}
Event: 1831,245 GC heap before
{Heap before GC invocations=73 (full 4):
 garbage-first heap   total 309248K, used 218013K [0x00000000a0000000, 0x0000000100000000)
  region size 1024K, 106 young (108544K), 4 survivors (4096K)
 Metaspace       used 265751K, capacity 284195K, committed 284624K, reserved 1286144K
  class space    used 38315K, capacity 47938K, committed 48000K, reserved 1048576K
}
Event: 1831,253 GC heap after
{Heap after GC invocations=74 (full 4):
 garbage-first heap   total 309248K, used 115556K [0x00000000a0000000, 0x0000000100000000)
  region size 1024K, 5 young (5120K), 5 survivors (5120K)
 Metaspace       used 265751K, capacity 284195K, committed 284624K, reserved 1286144K
  class space    used 38315K, capacity 47938K, committed 48000K, reserved 1048576K
}
Event: 12203,861 GC heap before
{Heap before GC invocations=74 (full 4):
 garbage-first heap   total 309248K, used 226148K [0x00000000a0000000, 0x0000000100000000)
  region size 1024K, 113 young (115712K), 5 survivors (5120K)
 Metaspace       used 266185K, capacity 284584K, committed 284880K, reserved 1286144K
  class space    used 38315K, capacity 47938K, committed 48000K, reserved 1048576K
}
Event: 12203,965 GC heap after
{Heap after GC invocations=75 (full 4):
 garbage-first heap   total 309248K, used 113601K [0x00000000a0000000, 0x0000000100000000)
  region size 1024K, 3 young (3072K), 3 survivors (3072K)
 Metaspace       used 266185K, capacity 284584K, committed 284880K, reserved 1286144K
  class space    used 38315K, capacity 47938K, committed 48000K, reserved 1048576K
}
Event: 21896,628 GC heap before
{Heap before GC invocations=75 (full 4):
 garbage-first heap   total 309248K, used 233409K [0x00000000a0000000, 0x0000000100000000)
  region size 1024K, 120 young (122880K), 3 survivors (3072K)
 Metaspace       used 266230K, capacity 284584K, committed 284880K, reserved 1286144K
  class space    used 38315K, capacity 47938K, committed 48000K, reserved 1048576K
}
Event: 21896,659 GC heap after
{Heap after GC invocations=76 (full 4):
 garbage-first heap   total 309248K, used 113543K [0x00000000a0000000, 0x0000000100000000)
  region size 1024K, 3 young (3072K), 3 survivors (3072K)
 Metaspace       used 266230K, capacity 284584K, committed 284880K, reserved 1286144K
  class space    used 38315K, capacity 47938K, committed 48000K, reserved 1048576K
}
Event: 29817,757 GC heap before
{Heap before GC invocations=76 (full 4):
 garbage-first heap   total 309248K, used 238471K [0x00000000a0000000, 0x0000000100000000)
  region size 1024K, 125 young (128000K), 3 survivors (3072K)
 Metaspace       used 266230K, capacity 284584K, committed 284880K, reserved 1286144K
  class space    used 38315K, capacity 47938K, committed 48000K, reserved 1048576K
}
Event: 29817,764 GC heap after
{Heap after GC invocations=77 (full 4):
 garbage-first heap   total 309248K, used 113813K [0x00000000a0000000, 0x0000000100000000)
  region size 1024K, 3 young (3072K), 3 survivors (3072K)
 Metaspace       used 266230K, capacity 284584K, committed 284880K, reserved 1286144K
  class space    used 38315K, capacity 47938K, committed 48000K, reserved 1048576K
}
Event: 31588,356 GC heap before
{Heap before GC invocations=77 (full 4):
 garbage-first heap   total 309248K, used 144533K [0x00000000a0000000, 0x0000000100000000)
  region size 1024K, 34 young (34816K), 3 survivors (3072K)
 Metaspace       used 266250K, capacity 284597K, committed 284880K, reserved 1286144K
  class space    used 38320K, capacity 47943K, committed 48000K, reserved 1048576K
}

